[Licensing::Module] Trying to connect to existing licensing client channel...
Built from '6000.2/respin/6000.2.6f2-cc51a95c03' branch; Version is '6000.2.6f2 (4a4dcaec6541) revision 4869578'; Using compiler version '194234433'; Build Type 'Release'
[Licensing::IpcConnector] Successfully connected to: "LicenseClient-guest1" at "2025-11-09T04:07:45.2890289Z"
OS: 'Windows 11  (10.0.26100) 64bit Core' Language: 'ja' Physical Memory: 32496 MB
BatchMode: 1, IsHumanControllingUs: 0, StartBugReporterOnCrash: 0, Is64bit: 1
Date: 2025-11-09T04:07:45Z

COMMAND LINE ARGUMENTS:
C:\Program Files\Unity\Hub\Editor\6000.2.6f2\Editor\Unity.exe
-adb2
-batchMode
-noUpm
-name
AssetImportWorker4
-projectPath
C:/Users/guest1/Human_Tower_Battle
-logFile
Logs/AssetImportWorker4.log
-srvPort
59782
-licensingIpc
LicenseClient-guest1
-job-worker-count
9
-background-job-worker-count
8
-gc-helper-count
1
-name
AssetImport
Successfully changed project path to: C:/Users/guest1/Human_Tower_Battle
C:/Users/guest1/Human_Tower_Battle
[UnityMemory] Configuration Parameters - Can be set up in boot.config
    "memorysetup-allocator-temp-initial-block-size-main=262144"
    "memorysetup-allocator-temp-initial-block-size-worker=262144"
    "memorysetup-bucket-allocator-granularity=16"
    "memorysetup-bucket-allocator-bucket-count=8"
    "memorysetup-bucket-allocator-block-size=33554432"
    "memorysetup-bucket-allocator-block-count=8"
    "memorysetup-main-allocator-block-size=16777216"
    "memorysetup-thread-allocator-block-size=16777216"
    "memorysetup-gfx-main-allocator-block-size=16777216"
    "memorysetup-gfx-thread-allocator-block-size=16777216"
    "memorysetup-cache-allocator-block-size=4194304"
    "memorysetup-typetree-allocator-block-size=2097152"
    "memorysetup-profiler-bucket-allocator-granularity=16"
    "memorysetup-profiler-bucket-allocator-bucket-count=8"
    "memorysetup-profiler-bucket-allocator-block-size=33554432"
    "memorysetup-profiler-bucket-allocator-block-count=8"
    "memorysetup-profiler-allocator-block-size=16777216"
    "memorysetup-profiler-editor-allocator-block-size=1048576"
    "memorysetup-temp-allocator-size-main=16777216"
    "memorysetup-job-temp-allocator-block-size=2097152"
    "memorysetup-job-temp-allocator-block-size-background=1048576"
    "memorysetup-job-temp-allocator-reduction-small-platforms=262144"
    "memorysetup-temp-allocator-size-background-worker=32768"
    "memorysetup-temp-allocator-size-job-worker=262144"
    "memorysetup-temp-allocator-size-preload-manager=33554432"
    "memorysetup-temp-allocator-size-nav-mesh-worker=65536"
    "memorysetup-temp-allocator-size-audio-worker=65536"
    "memorysetup-temp-allocator-size-cloud-worker=32768"
    "memorysetup-temp-allocator-size-gi-baking-worker=262144"
    "memorysetup-temp-allocator-size-gi-baking-worker=262144"
    "memorysetup-temp-allocator-size-gi-baking-worker=262144"
    "memorysetup-temp-allocator-size-gi-baking-worker=262144"
    "memorysetup-temp-allocator-size-gi-baking-worker=262144"
    "memorysetup-temp-allocator-size-gfx=262144"
Player connection [33888]  Target information:

Player connection [33888]  * "[IP] 192.168.0.37 [Port] 0 [Flags] 2 [Guid] 1475233951 [EditorId] 1475233951 [Version] 1048832 [Id] WindowsEditor(7,HTSC-41) [Debug] 1 [PackageName] WindowsEditor [ProjectName] Editor" 

Player connection [33888] Host joined multi-casting on [225.0.0.222:54997]...
Player connection [33888] Host joined alternative multi-casting on [225.0.0.222:34997]...
JobSystem: Creating JobQueue using job-worker-count value 9
Input System module state changed to: Initialized.
[Physics::Module] Initialized fallback backend.
[Physics::Module] Id: 0xdecafbad
[Licensing::Client] Code 10 while verifying Licensing Client signature (process Id: 24052, path: "C:/Program Files/Unity Hub/UnityLicensingClient_V1/Unity.Licensing.Client.exe")
[Licensing::Module] LicensingClient has failed validation; ignoring
Library Redirect Path: Library/
[Licensing::Client] Error: HandshakeResponse reported an error:
	ResponseCode: 505
	ResponseStatus: Unsupported protocol version '1.17.2'.
[Licensing::Module] Error: Failed to handshake to channel: "LicenseClient-guest1"
[Licensing::IpcConnector] LicenseClient-guest1 channel disconnected successfully.
[Licensing::IpcConnector] Successfully connected to: "LicenseClient-guest1-6000.2.6" at "2025-11-09T04:07:45.3720635Z"
[Licensing::Client] Code 10 while verifying Licensing Client signature (process Id: 20320, path: "C:/Program Files/Unity/Hub/Editor/6000.2.6f2/Editor/Data/Resources/Licensing/Client/Unity.Licensing.Client.exe")
[Licensing::Module] LicensingClient has failed validation; ignoring
[Licensing::Client] Handshaking with LicensingClient:
  Version:                 1.17.2+ff71f16
  Session Id:              df4971c944284ea0bae381e8905e07f3
  Correlation Id:          b6e478ada06fec9c690215c25cdc79d9
  External correlation Id: 5001099829574834906
  Machine Id:              5Pz2BIGPbbAjU+pd9QqWR0fQQ7E=
[Licensing::Module] Successfully connected to LicensingClient on channel: "LicenseClient-guest1-6000.2.6" (connect: 0.00s, validation: 0.00s, handshake: 0.01s)
[Licensing::IpcConnector] Successfully connected to: "LicenseClient-guest1-6000.2.6-notifications" at "2025-11-09T04:07:45.3876599Z"
[Licensing::Module] Licensing Background thread has ended after 0.10s
[Physics::Module] Selected backend.
[Physics::Module] Name: PhysX
[Physics::Module] Id: 0xf2b8ea05
[Physics::Module] SDK Version: 4.1.2
[Physics::Module] Integration Version: 1.0.0
[Physics::Module] Threading Mode: Multi-Threaded
Refreshing native plugins compatible for Editor in 4.31 ms, found 0 plugins.
Preloading 0 native plugins for Editor in 0.00 ms.
Initialize engine version: 6000.2.6f2 (4a4dcaec6541)
[Subsystems] Discovering subsystems at path C:/Program Files/Unity/Hub/Editor/6000.2.6f2/Editor/Data/Resources/UnitySubsystems
[Subsystems] Discovering subsystems at path C:/Users/guest1/Human_Tower_Battle/Assets
GfxDevice: creating device client; kGfxThreadingModeNonThreaded
Direct3D:
    Version:  Direct3D 11.0 [level 11.1]
    Renderer: NVIDIA GeForce RTX 4060 Laptop GPU (ID=0x28a0)
    Vendor:   NVIDIA
    VRAM:     7971 MB
    Driver:   31.0.15.3161
Initialize mono
Mono path[0] = 'C:/Program Files/Unity/Hub/Editor/6000.2.6f2/Editor/Data/Managed'
Mono path[1] = 'C:/Program Files/Unity/Hub/Editor/6000.2.6f2/Editor/Data/MonoBleedingEdge/lib/mono/unityjit-win32'
Mono config path = 'C:/Program Files/Unity/Hub/Editor/6000.2.6f2/Editor/Data/MonoBleedingEdge/etc'
Using monoOptions --debugger-agent=transport=dt_socket,embedding=1,server=y,suspend=n,address=127.0.0.1:56840
Begin MonoManager ReloadAssembly
Registering precompiled unity dll's ...
Register platform support module: C:/Program Files/Unity/Hub/Editor/6000.2.6f2/Editor/Data/PlaybackEngines/WindowsStandaloneSupport/UnityEditor.WindowsStandalone.Extensions.dll
Registered in 0.002948 seconds.
- Loaded All Assemblies, in  0.387 seconds
Native extension for WindowsStandalone target not found
Mono: successfully reloaded assembly
- Finished resetting the current domain, in  0.276 seconds
Domain Reload Profiling: 659ms
	BeginReloadAssembly (122ms)
		ExecutionOrderSort (0ms)
		DisableScriptedObjects (0ms)
		BackupInstance (0ms)
		ReleaseScriptingObjects (0ms)
		CreateAndSetChildDomain (1ms)
	RebuildCommonClasses (44ms)
	RebuildNativeTypeToScriptingClass (11ms)
	initialDomainReloadingComplete (59ms)
	LoadAllAssembliesAndSetupDomain (147ms)
		LoadAssemblies (120ms)
		RebuildTransferFunctionScriptingTraits (0ms)
		AnalyzeDomain (144ms)
			TypeCache.Refresh (142ms)
				TypeCache.ScanAssembly (129ms)
			BuildScriptInfoCaches (0ms)
			ResolveRequiredComponents (0ms)
	FinalizeReload (276ms)
		ReleaseScriptCaches (0ms)
		RebuildScriptCaches (0ms)
		SetupLoadedEditorAssemblies (247ms)
			LogAssemblyErrors (0ms)
			InitializePlatformSupportModulesInManaged (37ms)
			SetLoadedEditorAssemblies (3ms)
			BeforeProcessingInitializeOnLoad (57ms)
			ProcessInitializeOnLoadAttributes (106ms)
			ProcessInitializeOnLoadMethodAttributes (44ms)
			AfterProcessingInitializeOnLoad (0ms)
			EditorAssembliesLoaded (0ms)
		ExecutionOrderSort2 (0ms)
		AwakeInstancesAfterBackupRestoration (0ms)
========================================================================
Worker process is ready to serve import requests
Import Worker Mode flag is 0x00
Begin MonoManager ReloadAssembly
[Licensing::Client] Successfully resolved entitlement details
[Licensing::Module] License group:
  Id: F4-NKPK-KTQ6-BQ62-KX6J-XXXX
  Product: Unity Personal
  Type: ULF
  Expiration: Unlimited
[Licensing::Module] License group:
  Id: 15669621082040-UnityPersXXXX
  Product: Unity Personal
  Type: Assigned
  Expiration: Unlimited
Symbol file LoadedFromMemory is not a mono symbol file
- Loaded All Assemblies, in  0.632 seconds
Refreshing native plugins compatible for Editor in 3.86 ms, found 0 plugins.
Native extension for WindowsStandalone target not found
Package Manager log level set to [2]
[Package Manager] Failed to launch server process. Reason: Unity was launched with the -noUpm command-line argument
[Package Manager] Unable to send message (not connected to server process).
[Package Manager] Cannot connect to Unity Package Manager local server
Mono: successfully reloaded assembly
- Finished resetting the current domain, in  0.355 seconds
Domain Reload Profiling: 984ms
	BeginReloadAssembly (247ms)
		ExecutionOrderSort (0ms)
		DisableScriptedObjects (4ms)
		BackupInstance (0ms)
		ReleaseScriptingObjects (0ms)
		CreateAndSetChildDomain (36ms)
	RebuildCommonClasses (45ms)
	RebuildNativeTypeToScriptingClass (11ms)
	initialDomainReloadingComplete (42ms)
	LoadAllAssembliesAndSetupDomain (284ms)
		LoadAssemblies (324ms)
		RebuildTransferFunctionScriptingTraits (0ms)
		AnalyzeDomain (105ms)
			TypeCache.Refresh (70ms)
				TypeCache.ScanAssembly (55ms)
			BuildScriptInfoCaches (30ms)
			ResolveRequiredComponents (2ms)
	FinalizeReload (356ms)
		ReleaseScriptCaches (0ms)
		RebuildScriptCaches (0ms)
		SetupLoadedEditorAssemblies (281ms)
			LogAssemblyErrors (0ms)
			InitializePlatformSupportModulesInManaged (1ms)
			SetLoadedEditorAssemblies (2ms)
			BeforeProcessingInitializeOnLoad (60ms)
			ProcessInitializeOnLoadAttributes (84ms)
			ProcessInitializeOnLoadMethodAttributes (130ms)
			AfterProcessingInitializeOnLoad (4ms)
			EditorAssembliesLoaded (0ms)
		ExecutionOrderSort2 (0ms)
		AwakeInstancesAfterBackupRestoration (7ms)
Launched and connected shader compiler UnityShaderCompiler.exe after 0.01 seconds
Refreshing native plugins compatible for Editor in 6.52 ms, found 0 plugins.
Preloading 0 native plugins for Editor in 0.00 ms.
Unloading 0 Unused Serialized files (Serialized files now loaded: 0)
Unloading 2410 unused Assets / (454.6 KB). Loaded Objects now: 2881.
Memory consumption went from 70.7 MB to 70.3 MB.
Total: 10.160000 ms (FindLiveObjects: 0.377600 ms CreateObjectMapping: 0.153300 ms MarkObjects: 9.024400 ms  DeleteObjects: 0.602900 ms)

========================================================================
Received Import Request.
  Time since last request: 1432264.952475 seconds.
  path: Assets/Script/StartSceneController.cs
  artifactKey: Guid(47039e6e23ce6b34e8604a4dd8757cc9) Importer(815301076,1909f56bfc062723c751e8b465ee728b)
Start importing Assets/Script/StartSceneController.cs using Guid(47039e6e23ce6b34e8604a4dd8757cc9) Importer(815301076,1909f56bfc062723c751e8b465ee728b) (PreviewImporter) -> (artifact id: 'b1038880e22990a42b4c779a6f4eaecd') in 0.0074733 seconds
Number of updated asset objects reloaded before import = 0Number of asset objects unloaded after import = 0

========================================================================
Received Import Request.
  Time since last request: 532.602438 seconds.
  path: Assets/Image (1).jpg
  artifactKey: Guid(22708b4a2e37a654ab43a69e00c5820b) Importer(815301076,1909f56bfc062723c751e8b465ee728b)
Start importing Assets/Image (1).jpg using Guid(22708b4a2e37a654ab43a69e00c5820b) Importer(815301076,1909f56bfc062723c751e8b465ee728b) (PreviewImporter) -> (artifact id: '9042bd291d44a909db87647e1344de68') in 0.1257829 seconds
Number of updated asset objects reloaded before import = 0Number of asset objects unloaded after import = 3

========================================================================
Received Import Request.
  Time since last request: 17.162484 seconds.
  path: Assets/Image (13).png
  artifactKey: Guid(601ea8dc298020d4f9f07872f97bb643) Importer(815301076,1909f56bfc062723c751e8b465ee728b)
Start importing Assets/Image (13).png using Guid(601ea8dc298020d4f9f07872f97bb643) Importer(815301076,1909f56bfc062723c751e8b465ee728b) (PreviewImporter) -> (artifact id: 'a8e5599d6680d988eb4781a9d7779f38') in 0.0190452 seconds
Number of updated asset objects reloaded before import = 0Number of asset objects unloaded after import = 3

========================================================================
Received Import Request.
  Time since last request: 25.017511 seconds.
  path: Assets/shared image.png
  artifactKey: Guid(9dbd8551a9dbde148b935cf2c5cbaf81) Importer(815301076,1909f56bfc062723c751e8b465ee728b)
Start importing Assets/shared image.png using Guid(9dbd8551a9dbde148b935cf2c5cbaf81) Importer(815301076,1909f56bfc062723c751e8b465ee728b) (PreviewImporter) -> (artifact id: 'b24afa3a116b9c3709ccec685f971872') in 0.0177521 seconds
Number of updated asset objects reloaded before import = 0Number of asset objects unloaded after import = 3

========================================================================
Received Import Request.
  Time since last request: 388.240887 seconds.
  path: Assets/start_bg.jpg
  artifactKey: Guid(fc1c4f01dc0e13248b2024be96d6a7d9) Importer(815301076,1909f56bfc062723c751e8b465ee728b)
Start importing Assets/start_bg.jpg using Guid(fc1c4f01dc0e13248b2024be96d6a7d9) Importer(815301076,1909f56bfc062723c751e8b465ee728b) (PreviewImporter) -> (artifact id: '4096118cd5a5861f5854518278c2e1a7') in 0.0477257 seconds
Number of updated asset objects reloaded before import = 0Number of asset objects unloaded after import = 3

========================================================================
Received Import Request.
  Time since last request: 23.274749 seconds.
  path: Assets/sun.png
  artifactKey: Guid(90368c546c570d34cac8a1b7e1366b90) Importer(815301076,1909f56bfc062723c751e8b465ee728b)
Start importing Assets/sun.png using Guid(90368c546c570d34cac8a1b7e1366b90) Importer(815301076,1909f56bfc062723c751e8b465ee728b) (PreviewImporter) -> (artifact id: '9263bdca296035361a05d1f5f7c12e60') in 0.0622932 seconds
Number of updated asset objects reloaded before import = 0Number of asset objects unloaded after import = 12

========================================================================
Received Import Request.
  Time since last request: 17.460611 seconds.
  path: Assets/メディア.jpg
  artifactKey: Guid(911f682e1620c4d43bea901c852f034d) Importer(815301076,1909f56bfc062723c751e8b465ee728b)
Start importing Assets/メディア.jpg using Guid(911f682e1620c4d43bea901c852f034d) Importer(815301076,1909f56bfc062723c751e8b465ee728b) (PreviewImporter) -> (artifact id: '49fd7a440fbc3ea98d150fef224fa491') in 0.0272435 seconds
Number of updated asset objects reloaded before import = 0Number of asset objects unloaded after import = 3

========================================================================
Received Import Request.
  Time since last request: 27.394595 seconds.
  path: Assets/新規プロジェクト (1) 1.png
  artifactKey: Guid(b6cda1e3751446c46b8439d2c50d0bee) Importer(815301076,1909f56bfc062723c751e8b465ee728b)
Start importing Assets/新規プロジェクト (1) 1.png using Guid(b6cda1e3751446c46b8439d2c50d0bee) Importer(815301076,1909f56bfc062723c751e8b465ee728b) (PreviewImporter) -> (artifact id: '37b842a8bb5dcfdc7c258d1d0fe95df7') in 0.0327352 seconds
Number of updated asset objects reloaded before import = 0Number of asset objects unloaded after import = 3

========================================================================
Received Import Request.
  Time since last request: 1285.461787 seconds.
  path: Assets/Image (1).jpg
  artifactKey: Guid(22708b4a2e37a654ab43a69e00c5820b) Importer(2089858483,192608db42251d675da83286b1cce702)
Start importing Assets/Image (1).jpg using Guid(22708b4a2e37a654ab43a69e00c5820b) Importer(2089858483,192608db42251d675da83286b1cce702) (ScriptedImporter) -> (artifact id: 'c531524081a8e9cfd26ff5d962df1f39') in 0.1825352 seconds
Number of updated asset objects reloaded before import = 0Number of asset objects unloaded after import = 3

========================================================================
Received Import Request.
  Time since last request: 0.000031 seconds.
  path: Assets/start_bg.jpg
  artifactKey: Guid(fc1c4f01dc0e13248b2024be96d6a7d9) Importer(2089858483,192608db42251d675da83286b1cce702)
Start importing Assets/start_bg.jpg using Guid(fc1c4f01dc0e13248b2024be96d6a7d9) Importer(2089858483,192608db42251d675da83286b1cce702) (ScriptedImporter) -> (artifact id: '6551998962fd79bb5529b38578d5da33') in 0.030952 seconds
Number of updated asset objects reloaded before import = 0Number of asset objects unloaded after import = 3

========================================================================
Received Import Request.
  Time since last request: 0.000034 seconds.
  path: Assets/Script/Clear.cs
  artifactKey: Guid(953bc355efcb8df4cb63f1a4a3764abe) Importer(2089858483,192608db42251d675da83286b1cce702)
Start importing Assets/Script/Clear.cs using Guid(953bc355efcb8df4cb63f1a4a3764abe) Importer(2089858483,192608db42251d675da83286b1cce702) (ScriptedImporter) -> (artifact id: 'b2268dc5cd63374e4c7f26d9b9ca9003') in 0.0213008 seconds
Number of updated asset objects reloaded before import = 0Number of asset objects unloaded after import = 0

========================================================================
Received Import Request.
  Time since last request: 0.000077 seconds.
  path: Assets/Script/SoundManager.cs
  artifactKey: Guid(bdb7b7b8410c4a244ab95e3fb49bf9ae) Importer(2089858483,192608db42251d675da83286b1cce702)
Start importing Assets/Script/SoundManager.cs using Guid(bdb7b7b8410c4a244ab95e3fb49bf9ae) Importer(2089858483,192608db42251d675da83286b1cce702) (ScriptedImporter) -> (artifact id: '2cbf9ecde16f0b4c0d7541e3a68f6a58') in 0.0192033 seconds
Number of updated asset objects reloaded before import = 0Number of asset objects unloaded after import = 0

========================================================================
Received Import Request.
  Time since last request: 0.000142 seconds.
  path: Assets/sun.png
  artifactKey: Guid(90368c546c570d34cac8a1b7e1366b90) Importer(2089858483,192608db42251d675da83286b1cce702)
Start importing Assets/sun.png using Guid(90368c546c570d34cac8a1b7e1366b90) Importer(2089858483,192608db42251d675da83286b1cce702) (ScriptedImporter) -> (artifact id: '12a670837fcf5a402f5028f4b40c330c') in 0.0466195 seconds
Number of updated asset objects reloaded before import = 0Number of asset objects unloaded after import = 12

========================================================================
Received Import Request.
  Time since last request: 0.000018 seconds.
  path: Assets/新規プロジェクト (1) 1.png
  artifactKey: Guid(b6cda1e3751446c46b8439d2c50d0bee) Importer(2089858483,192608db42251d675da83286b1cce702)
Start importing Assets/新規プロジェクト (1) 1.png using Guid(b6cda1e3751446c46b8439d2c50d0bee) Importer(2089858483,192608db42251d675da83286b1cce702) (ScriptedImporter) -> (artifact id: '993f1bda5105fc8107d313900ffcf503') in 0.0288577 seconds
Number of updated asset objects reloaded before import = 0Number of asset objects unloaded after import = 3

========================================================================
Received Import Request.
  Time since last request: 0.000022 seconds.
  path: Assets/Resources/BillingMode.json
  artifactKey: Guid(a2a23ca2979c92e4098f45ca9c5ad03e) Importer(2089858483,192608db42251d675da83286b1cce702)
Start importing Assets/Resources/BillingMode.json using Guid(a2a23ca2979c92e4098f45ca9c5ad03e) Importer(2089858483,192608db42251d675da83286b1cce702) (ScriptedImporter) -> (artifact id: '35569870cea76cce37f43f3e5bc3d43e') in 0.0230185 seconds
Number of updated asset objects reloaded before import = 0Number of asset objects unloaded after import = 1

========================================================================
Received Import Request.
  Time since last request: 0.000169 seconds.
  path: Assets/Script/GameData.cs
  artifactKey: Guid(a00b2409b63d70f4e84bba26f0900fba) Importer(2089858483,192608db42251d675da83286b1cce702)
Start importing Assets/Script/GameData.cs using Guid(a00b2409b63d70f4e84bba26f0900fba) Importer(2089858483,192608db42251d675da83286b1cce702) (ScriptedImporter) -> (artifact id: '93ea5c6b5c20cb0e4045d7aa6815b286') in 0.0267162 seconds
Number of updated asset objects reloaded before import = 0Number of asset objects unloaded after import = 0

========================================================================
Received Import Request.
  Time since last request: 0.000022 seconds.
  path: Assets/Script/AnimalGenerator.cs
  artifactKey: Guid(c8e9d6cb7ba42754193509ae0f56b22b) Importer(2089858483,192608db42251d675da83286b1cce702)
Start importing Assets/Script/AnimalGenerator.cs using Guid(c8e9d6cb7ba42754193509ae0f56b22b) Importer(2089858483,192608db42251d675da83286b1cce702) (ScriptedImporter) -> (artifact id: '5ee1bca811058b1affdcb0ce4496e474') in 0.0225284 seconds
Number of updated asset objects reloaded before import = 0Number of asset objects unloaded after import = 0

========================================================================
Received Import Request.
  Time since last request: 0.000514 seconds.
  path: Assets/Script/StartSceneController.cs
  artifactKey: Guid(47039e6e23ce6b34e8604a4dd8757cc9) Importer(2089858483,192608db42251d675da83286b1cce702)
Start importing Assets/Script/StartSceneController.cs using Guid(47039e6e23ce6b34e8604a4dd8757cc9) Importer(2089858483,192608db42251d675da83286b1cce702) (ScriptedImporter) -> (artifact id: 'bdc25cfa02ed90daf4c5b48a0fa43407') in 0.0248148 seconds
Number of updated asset objects reloaded before import = 0Number of asset objects unloaded after import = 0

========================================================================
Received Import Request.
  Time since last request: 0.000127 seconds.
  path: Assets/Script/CreateManager.cs
  artifactKey: Guid(4a2950787bcad5448987a1edd3838447) Importer(2089858483,192608db42251d675da83286b1cce702)
Start importing Assets/Script/CreateManager.cs using Guid(4a2950787bcad5448987a1edd3838447) Importer(2089858483,192608db42251d675da83286b1cce702) (ScriptedImporter) -> (artifact id: '241e345d7c1a1b1bfa764c9ced679de2') in 0.0240759 seconds
Number of updated asset objects reloaded before import = 0Number of asset objects unloaded after import = 0

Editor requested this worker to shutdown with reason: Scaling down because of idle timeout
AssetImportWorker is now disconnected from the server
Process exiting
Exiting without the bug reporter. Application will terminate with return code 0