[Licensing::Module] Trying to connect to existing licensing client channel...
Built from '6000.2/respin/6000.2.6f2-cc51a95c03' branch; Version is '6000.2.6f2 (4a4dcaec6541) revision 4869578'; Using compiler version '194234433'; Build Type 'Release'
[Licensing::IpcConnector] Successfully connected to: "LicenseClient-guest1" at "2025-11-09T04:07:42.6495134Z"
OS: 'Windows 11  (10.0.26100) 64bit Core' Language: 'ja' Physical Memory: 32496 MB
BatchMode: 1, IsHumanControllingUs: 0, StartBugReporterOnCrash: 0, Is64bit: 1
Date: 2025-11-09T04:07:42Z

COMMAND LINE ARGUMENTS:
C:\Program Files\Unity\Hub\Editor\6000.2.6f2\Editor\Unity.exe
-adb2
-batchMode
-noUpm
-name
AssetImportWorker2
-projectPath
C:/Users/guest1/Human_Tower_Battle
-logFile
Logs/AssetImportWorker2.log
-srvPort
59782
-licensingIpc
LicenseClient-guest1
-job-worker-count
9
-background-job-worker-count
8
-gc-helper-count
1
-name
AssetImport
Successfully changed project path to: C:/Users/guest1/Human_Tower_Battle
C:/Users/guest1/Human_Tower_Battle
[UnityMemory] Configuration Parameters - Can be set up in boot.config
    "memorysetup-allocator-temp-initial-block-size-main=262144"
    "memorysetup-allocator-temp-initial-block-size-worker=262144"
    "memorysetup-bucket-allocator-granularity=16"
    "memorysetup-bucket-allocator-bucket-count=8"
    "memorysetup-bucket-allocator-block-size=33554432"
    "memorysetup-bucket-allocator-block-count=8"
    "memorysetup-main-allocator-block-size=16777216"
    "memorysetup-thread-allocator-block-size=16777216"
    "memorysetup-gfx-main-allocator-block-size=16777216"
    "memorysetup-gfx-thread-allocator-block-size=16777216"
    "memorysetup-cache-allocator-block-size=4194304"
    "memorysetup-typetree-allocator-block-size=2097152"
    "memorysetup-profiler-bucket-allocator-granularity=16"
    "memorysetup-profiler-bucket-allocator-bucket-count=8"
    "memorysetup-profiler-bucket-allocator-block-size=33554432"
    "memorysetup-profiler-bucket-allocator-block-count=8"
    "memorysetup-profiler-allocator-block-size=16777216"
    "memorysetup-profiler-editor-allocator-block-size=1048576"
    "memorysetup-temp-allocator-size-main=16777216"
    "memorysetup-job-temp-allocator-block-size=2097152"
    "memorysetup-job-temp-allocator-block-size-background=1048576"
    "memorysetup-job-temp-allocator-reduction-small-platforms=262144"
    "memorysetup-temp-allocator-size-background-worker=32768"
    "memorysetup-temp-allocator-size-job-worker=262144"
    "memorysetup-temp-allocator-size-preload-manager=33554432"
    "memorysetup-temp-allocator-size-nav-mesh-worker=65536"
    "memorysetup-temp-allocator-size-audio-worker=65536"
    "memorysetup-temp-allocator-size-cloud-worker=32768"
    "memorysetup-temp-allocator-size-gi-baking-worker=262144"
    "memorysetup-temp-allocator-size-gi-baking-worker=262144"
    "memorysetup-temp-allocator-size-gi-baking-worker=262144"
    "memorysetup-temp-allocator-size-gi-baking-worker=262144"
    "memorysetup-temp-allocator-size-gi-baking-worker=262144"
    "memorysetup-temp-allocator-size-gfx=262144"
Player connection [25096]  Target information:

Player connection [25096]  * "[IP] 192.168.0.37 [Port] 0 [Flags] 2 [Guid] 250249567 [EditorId] 250249567 [Version] 1048832 [Id] WindowsEditor(7,HTSC-41) [Debug] 1 [PackageName] WindowsEditor [ProjectName] Editor" 

Player connection [25096] Host joined multi-casting on [225.0.0.222:54997]...
Player connection [25096] Host joined alternative multi-casting on [225.0.0.222:34997]...
JobSystem: Creating JobQueue using job-worker-count value 9
Input System module state changed to: Initialized.
[Physics::Module] Initialized fallback backend.
[Physics::Module] Id: 0xdecafbad
[Licensing::Client] Code 10 while verifying Licensing Client signature (process Id: 24052, path: "C:/Program Files/Unity Hub/UnityLicensingClient_V1/Unity.Licensing.Client.exe")
[Licensing::Module] LicensingClient has failed validation; ignoring
[Licensing::Client] Error: HandshakeResponse reported an error:
	ResponseCode: 505
	ResponseStatus: Unsupported protocol version '1.17.2'.
[Licensing::Module] Error: Failed to handshake to channel: "LicenseClient-guest1"
[Licensing::IpcConnector] LicenseClient-guest1 channel disconnected successfully.
[Licensing::IpcConnector] Successfully connected to: "LicenseClient-guest1-6000.2.6" at "2025-11-09T04:07:42.6994131Z"
[Licensing::Client] Code 10 while verifying Licensing Client signature (process Id: 20320, path: "C:/Program Files/Unity/Hub/Editor/6000.2.6f2/Editor/Data/Resources/Licensing/Client/Unity.Licensing.Client.exe")
[Licensing::Module] LicensingClient has failed validation; ignoring
[Licensing::Client] Handshaking with LicensingClient:
  Version:                 1.17.2+ff71f16
  Session Id:              9f9c446253ae4ee0bad3664f2339409a
  Correlation Id:          b6e478ada06fec9c690215c25cdc79d9
  External correlation Id: 4555225286603428322
  Machine Id:              5Pz2BIGPbbAjU+pd9QqWR0fQQ7E=
[Licensing::Module] Successfully connected to LicensingClient on channel: "LicenseClient-guest1-6000.2.6" (connect: 0.00s, validation: 0.00s, handshake: 0.01s)
[Licensing::IpcConnector] Successfully connected to: "LicenseClient-guest1-6000.2.6-notifications" at "2025-11-09T04:07:42.7122791Z"
[Licensing::Module] Licensing Background thread has ended after 0.06s
Library Redirect Path: Library/
[Physics::Module] Selected backend.
[Physics::Module] Name: PhysX
[Physics::Module] Id: 0xf2b8ea05
[Physics::Module] SDK Version: 4.1.2
[Physics::Module] Integration Version: 1.0.0
[Physics::Module] Threading Mode: Multi-Threaded
Refreshing native plugins compatible for Editor in 3.28 ms, found 0 plugins.
Preloading 0 native plugins for Editor in 0.00 ms.
Initialize engine version: 6000.2.6f2 (4a4dcaec6541)
[Subsystems] Discovering subsystems at path C:/Program Files/Unity/Hub/Editor/6000.2.6f2/Editor/Data/Resources/UnitySubsystems
[Subsystems] Discovering subsystems at path C:/Users/guest1/Human_Tower_Battle/Assets
GfxDevice: creating device client; kGfxThreadingModeNonThreaded
Direct3D:
    Version:  Direct3D 11.0 [level 11.1]
    Renderer: NVIDIA GeForce RTX 4060 Laptop GPU (ID=0x28a0)
    Vendor:   NVIDIA
    VRAM:     7971 MB
    Driver:   31.0.15.3161
Initialize mono
Mono path[0] = 'C:/Program Files/Unity/Hub/Editor/6000.2.6f2/Editor/Data/Managed'
Mono path[1] = 'C:/Program Files/Unity/Hub/Editor/6000.2.6f2/Editor/Data/MonoBleedingEdge/lib/mono/unityjit-win32'
Mono config path = 'C:/Program Files/Unity/Hub/Editor/6000.2.6f2/Editor/Data/MonoBleedingEdge/etc'
Using monoOptions --debugger-agent=transport=dt_socket,embedding=1,server=y,suspend=n,address=127.0.0.1:56884
Begin MonoManager ReloadAssembly
Registering precompiled unity dll's ...
Register platform support module: C:/Program Files/Unity/Hub/Editor/6000.2.6f2/Editor/Data/PlaybackEngines/WindowsStandaloneSupport/UnityEditor.WindowsStandalone.Extensions.dll
Registered in 0.001398 seconds.
- Loaded All Assemblies, in  1.937 seconds
Native extension for WindowsStandalone target not found
Mono: successfully reloaded assembly
- Finished resetting the current domain, in  0.410 seconds
Domain Reload Profiling: 2346ms
	BeginReloadAssembly (85ms)
		ExecutionOrderSort (0ms)
		DisableScriptedObjects (0ms)
		BackupInstance (0ms)
		ReleaseScriptingObjects (0ms)
		CreateAndSetChildDomain (1ms)
	RebuildCommonClasses (98ms)
	RebuildNativeTypeToScriptingClass (12ms)
	initialDomainReloadingComplete (36ms)
	LoadAllAssembliesAndSetupDomain (1705ms)
		LoadAssemblies (83ms)
		RebuildTransferFunctionScriptingTraits (0ms)
		AnalyzeDomain (1703ms)
			TypeCache.Refresh (1701ms)
				TypeCache.ScanAssembly (732ms)
			BuildScriptInfoCaches (0ms)
			ResolveRequiredComponents (0ms)
	FinalizeReload (410ms)
		ReleaseScriptCaches (0ms)
		RebuildScriptCaches (0ms)
		SetupLoadedEditorAssemblies (370ms)
			LogAssemblyErrors (0ms)
			InitializePlatformSupportModulesInManaged (52ms)
			SetLoadedEditorAssemblies (5ms)
			BeforeProcessingInitializeOnLoad (78ms)
			ProcessInitializeOnLoadAttributes (174ms)
			ProcessInitializeOnLoadMethodAttributes (61ms)
			AfterProcessingInitializeOnLoad (0ms)
			EditorAssembliesLoaded (0ms)
		ExecutionOrderSort2 (0ms)
		AwakeInstancesAfterBackupRestoration (0ms)
========================================================================
Worker process is ready to serve import requests
Import Worker Mode flag is 0x00
Begin MonoManager ReloadAssembly
[Licensing::Client] Successfully resolved entitlement details
[Licensing::Module] License group:
  Id: F4-NKPK-KTQ6-BQ62-KX6J-XXXX
  Product: Unity Personal
  Type: ULF
  Expiration: Unlimited
[Licensing::Module] License group:
  Id: 15669621082040-UnityPersXXXX
  Product: Unity Personal
  Type: Assigned
  Expiration: Unlimited
Symbol file LoadedFromMemory is not a mono symbol file
- Loaded All Assemblies, in  0.509 seconds
Refreshing native plugins compatible for Editor in 4.79 ms, found 0 plugins.
Native extension for WindowsStandalone target not found
Package Manager log level set to [2]
[Package Manager] Failed to launch server process. Reason: Unity was launched with the -noUpm command-line argument
[Package Manager] Unable to send message (not connected to server process).
[Package Manager] Cannot connect to Unity Package Manager local server
Mono: successfully reloaded assembly
- Finished resetting the current domain, in  0.546 seconds
Domain Reload Profiling: 1053ms
	BeginReloadAssembly (200ms)
		ExecutionOrderSort (0ms)
		DisableScriptedObjects (10ms)
		BackupInstance (0ms)
		ReleaseScriptingObjects (0ms)
		CreateAndSetChildDomain (31ms)
	RebuildCommonClasses (31ms)
	RebuildNativeTypeToScriptingClass (10ms)
	initialDomainReloadingComplete (32ms)
	LoadAllAssembliesAndSetupDomain (233ms)
		LoadAssemblies (257ms)
		RebuildTransferFunctionScriptingTraits (0ms)
		AnalyzeDomain (81ms)
			TypeCache.Refresh (61ms)
				TypeCache.ScanAssembly (48ms)
			BuildScriptInfoCaches (16ms)
			ResolveRequiredComponents (2ms)
	FinalizeReload (547ms)
		ReleaseScriptCaches (0ms)
		RebuildScriptCaches (0ms)
		SetupLoadedEditorAssemblies (438ms)
			LogAssemblyErrors (0ms)
			InitializePlatformSupportModulesInManaged (1ms)
			SetLoadedEditorAssemblies (3ms)
			BeforeProcessingInitializeOnLoad (107ms)
			ProcessInitializeOnLoadAttributes (161ms)
			ProcessInitializeOnLoadMethodAttributes (159ms)
			AfterProcessingInitializeOnLoad (7ms)
			EditorAssembliesLoaded (0ms)
		ExecutionOrderSort2 (0ms)
		AwakeInstancesAfterBackupRestoration (13ms)
Launched and connected shader compiler UnityShaderCompiler.exe after 0.02 seconds
Refreshing native plugins compatible for Editor in 5.51 ms, found 0 plugins.
Preloading 0 native plugins for Editor in 0.00 ms.
Unloading 0 Unused Serialized files (Serialized files now loaded: 0)
Unloading 2410 unused Assets / (466.3 KB). Loaded Objects now: 2881.
Memory consumption went from 70.7 MB to 70.3 MB.
Total: 7.808500 ms (FindLiveObjects: 0.169800 ms CreateObjectMapping: 0.092200 ms MarkObjects: 6.908800 ms  DeleteObjects: 0.636500 ms)

========================================================================
Received Import Request.
  Time since last request: 1432263.398748 seconds.
  path: Assets/Script/Animal.cs
  artifactKey: Guid(a0be7868c826f7c41a484e5cfa0f52f9) Importer(815301076,1909f56bfc062723c751e8b465ee728b)
Start importing Assets/Script/Animal.cs using Guid(a0be7868c826f7c41a484e5cfa0f52f9) Importer(815301076,1909f56bfc062723c751e8b465ee728b) (PreviewImporter) -> (artifact id: '75077f551aa9e72f9b30d8cd9527c1db') in 0.0051594 seconds
Number of updated asset objects reloaded before import = 0Number of asset objects unloaded after import = 0

========================================================================
Received Import Request.
  Time since last request: 0.000024 seconds.
  path: Assets/Script/GameOver.cs
  artifactKey: Guid(3686c908aac7e994b8fdbe003d3dc08f) Importer(815301076,1909f56bfc062723c751e8b465ee728b)
Start importing Assets/Script/GameOver.cs using Guid(3686c908aac7e994b8fdbe003d3dc08f) Importer(815301076,1909f56bfc062723c751e8b465ee728b) (PreviewImporter) -> (artifact id: '2becc48a56ab685573ef966f5f56a1d7') in 0.0007171 seconds
Number of updated asset objects reloaded before import = 0Number of asset objects unloaded after import = 0

========================================================================
Received Import Request.
  Time since last request: 0.000112 seconds.
  path: Assets/Script/AnimalGenerator.cs
  artifactKey: Guid(c8e9d6cb7ba42754193509ae0f56b22b) Importer(815301076,1909f56bfc062723c751e8b465ee728b)
Start importing Assets/Script/AnimalGenerator.cs using Guid(c8e9d6cb7ba42754193509ae0f56b22b) Importer(815301076,1909f56bfc062723c751e8b465ee728b) (PreviewImporter) -> (artifact id: '32774918a0a20b89ca0a186801b7ea3d') in 0.0005594 seconds
Number of updated asset objects reloaded before import = 0Number of asset objects unloaded after import = 0

========================================================================
Received Import Request.
  Time since last request: 0.000325 seconds.
  path: Assets/Script/PythonImageReceiver.cs
  artifactKey: Guid(a2998852c70c9334792c8e80b3fc36d0) Importer(815301076,1909f56bfc062723c751e8b465ee728b)
Start importing Assets/Script/PythonImageReceiver.cs using Guid(a2998852c70c9334792c8e80b3fc36d0) Importer(815301076,1909f56bfc062723c751e8b465ee728b) (PreviewImporter) -> (artifact id: '024fd536e22775711df79b70b9fa643a') in 0.0006716 seconds
Number of updated asset objects reloaded before import = 0Number of asset objects unloaded after import = 0

========================================================================
Received Import Request.
  Time since last request: 0.000141 seconds.
  path: Assets/Script/BGM.cs
  artifactKey: Guid(70f454eb6452b7346a4a7a51df1f7f2c) Importer(815301076,1909f56bfc062723c751e8b465ee728b)
Start importing Assets/Script/BGM.cs using Guid(70f454eb6452b7346a4a7a51df1f7f2c) Importer(815301076,1909f56bfc062723c751e8b465ee728b) (PreviewImporter) -> (artifact id: '64e8e45028237f8fb4de2a591fad51c5') in 0.000769 seconds
Number of updated asset objects reloaded before import = 0Number of asset objects unloaded after import = 0

========================================================================
Received Import Request.
  Time since last request: 0.000204 seconds.
  path: Assets/Script/GameData.cs
  artifactKey: Guid(a00b2409b63d70f4e84bba26f0900fba) Importer(815301076,1909f56bfc062723c751e8b465ee728b)
Start importing Assets/Script/GameData.cs using Guid(a00b2409b63d70f4e84bba26f0900fba) Importer(815301076,1909f56bfc062723c751e8b465ee728b) (PreviewImporter) -> (artifact id: '9badd6b6c73f7057989c0c58be0960ca') in 0.0005971 seconds
Number of updated asset objects reloaded before import = 0Number of asset objects unloaded after import = 0

========================================================================
Received Import Request.
  Time since last request: 0.000142 seconds.
  path: Assets/Script/CameraController.cs
  artifactKey: Guid(183f6004c024dc549bbd9d1333bcdc08) Importer(815301076,1909f56bfc062723c751e8b465ee728b)
Start importing Assets/Script/CameraController.cs using Guid(183f6004c024dc549bbd9d1333bcdc08) Importer(815301076,1909f56bfc062723c751e8b465ee728b) (PreviewImporter) -> (artifact id: 'f8864d3010981e31bbb4d221852bbc25') in 0.0007132 seconds
Number of updated asset objects reloaded before import = 0Number of asset objects unloaded after import = 0

========================================================================
Received Import Request.
  Time since last request: 0.000222 seconds.
  path: Assets/Script/GameOverDisplay.cs
  artifactKey: Guid(c417d3aece6b7e74e8bb59fc0d502c40) Importer(815301076,1909f56bfc062723c751e8b465ee728b)
Start importing Assets/Script/GameOverDisplay.cs using Guid(c417d3aece6b7e74e8bb59fc0d502c40) Importer(815301076,1909f56bfc062723c751e8b465ee728b) (PreviewImporter) -> (artifact id: 'ce65fea18c9d0be1ccfe55a2ecff1110') in 0.0007575 seconds
Number of updated asset objects reloaded before import = 0Number of asset objects unloaded after import = 0

========================================================================
Received Import Request.
  Time since last request: 0.000197 seconds.
  path: Assets/Script/CreateManager.cs
  artifactKey: Guid(4a2950787bcad5448987a1edd3838447) Importer(815301076,1909f56bfc062723c751e8b465ee728b)
Start importing Assets/Script/CreateManager.cs using Guid(4a2950787bcad5448987a1edd3838447) Importer(815301076,1909f56bfc062723c751e8b465ee728b) (PreviewImporter) -> (artifact id: '71f4c32791f35bd806d635b5df34ce06') in 0.000711 seconds
Number of updated asset objects reloaded before import = 0Number of asset objects unloaded after import = 0

========================================================================
Received Import Request.
  Time since last request: 0.000066 seconds.
  path: Assets/Script/Clear.cs
  artifactKey: Guid(953bc355efcb8df4cb63f1a4a3764abe) Importer(815301076,1909f56bfc062723c751e8b465ee728b)
Start importing Assets/Script/Clear.cs using Guid(953bc355efcb8df4cb63f1a4a3764abe) Importer(815301076,1909f56bfc062723c751e8b465ee728b) (PreviewImporter) -> (artifact id: '9f48f4c07c07acd78e4b1d16d0dfbfac') in 0.0005807 seconds
Number of updated asset objects reloaded before import = 0Number of asset objects unloaded after import = 0

========================================================================
Received Import Request.
  Time since last request: 0.465799 seconds.
  path: Assets/Script/SoundManager.cs
  artifactKey: Guid(bdb7b7b8410c4a244ab95e3fb49bf9ae) Importer(815301076,1909f56bfc062723c751e8b465ee728b)
Start importing Assets/Script/SoundManager.cs using Guid(bdb7b7b8410c4a244ab95e3fb49bf9ae) Importer(815301076,1909f56bfc062723c751e8b465ee728b) (PreviewImporter) -> (artifact id: '255d16673dd6cfd1f38be8cdea592851') in 0.0005697 seconds
Number of updated asset objects reloaded before import = 0Number of asset objects unloaded after import = 0

========================================================================
Received Import Request.
  Time since last request: 2318.033426 seconds.
  path: Assets/Image (13).png
  artifactKey: Guid(601ea8dc298020d4f9f07872f97bb643) Importer(2089858483,192608db42251d675da83286b1cce702)
Start importing Assets/Image (13).png using Guid(601ea8dc298020d4f9f07872f97bb643) Importer(2089858483,192608db42251d675da83286b1cce702) (ScriptedImporter) -> (artifact id: 'cb9024a2e8396a91f3620fab647ebf05') in 0.1898179 seconds
Number of updated asset objects reloaded before import = 0Number of asset objects unloaded after import = 3

========================================================================
Received Import Request.
  Time since last request: 0.000129 seconds.
  path: Assets/Script/ClearDisplay.cs
  artifactKey: Guid(84b6ffd5759101d40a13469fb0631f19) Importer(2089858483,192608db42251d675da83286b1cce702)
Start importing Assets/Script/ClearDisplay.cs using Guid(84b6ffd5759101d40a13469fb0631f19) Importer(2089858483,192608db42251d675da83286b1cce702) (ScriptedImporter) -> (artifact id: '6af6445b5f5aac7ae878e14fa3444ee6') in 0.022692 seconds
Number of updated asset objects reloaded before import = 0Number of asset objects unloaded after import = 0

========================================================================
Received Import Request.
  Time since last request: 0.000131 seconds.
  path: Assets/Scenes/SampleScene.unity
  artifactKey: Guid(2cda990e2423bbf4892e6590ba056729) Importer(2089858483,192608db42251d675da83286b1cce702)
Start importing Assets/Scenes/SampleScene.unity using Guid(2cda990e2423bbf4892e6590ba056729) Importer(2089858483,192608db42251d675da83286b1cce702) (ScriptedImporter) -> (artifact id: '0ac2c05ede7f760da700a553a8a4230d') in 0.0216739 seconds
Number of updated asset objects reloaded before import = 0Number of asset objects unloaded after import = 1

========================================================================
Received Import Request.
  Time since last request: 0.000306 seconds.
  path: Assets/メディア.jpg
  artifactKey: Guid(911f682e1620c4d43bea901c852f034d) Importer(2089858483,192608db42251d675da83286b1cce702)
Start importing Assets/メディア.jpg using Guid(911f682e1620c4d43bea901c852f034d) Importer(2089858483,192608db42251d675da83286b1cce702) (ScriptedImporter) -> (artifact id: 'ecde804609d959db6aea24dab7951e1e') in 0.0286333 seconds
Number of updated asset objects reloaded before import = 0Number of asset objects unloaded after import = 3

========================================================================
Received Import Request.
  Time since last request: 0.000026 seconds.
  path: Assets/Script/GameOver.cs
  artifactKey: Guid(3686c908aac7e994b8fdbe003d3dc08f) Importer(2089858483,192608db42251d675da83286b1cce702)
Start importing Assets/Script/GameOver.cs using Guid(3686c908aac7e994b8fdbe003d3dc08f) Importer(2089858483,192608db42251d675da83286b1cce702) (ScriptedImporter) -> (artifact id: '4a019c7a8e86113738d825506669ae7f') in 0.0206593 seconds
Number of updated asset objects reloaded before import = 0Number of asset objects unloaded after import = 0

========================================================================
Received Import Request.
  Time since last request: 0.000454 seconds.
  path: Assets/Script/BGM.cs
  artifactKey: Guid(70f454eb6452b7346a4a7a51df1f7f2c) Importer(2089858483,192608db42251d675da83286b1cce702)
Start importing Assets/Script/BGM.cs using Guid(70f454eb6452b7346a4a7a51df1f7f2c) Importer(2089858483,192608db42251d675da83286b1cce702) (ScriptedImporter) -> (artifact id: '218255ae217cad6b8ff826b12b4b2b53') in 0.0198471 seconds
Number of updated asset objects reloaded before import = 0Number of asset objects unloaded after import = 0

========================================================================
Received Import Request.
  Time since last request: 0.000092 seconds.
  path: Assets/Script/Animal.cs
  artifactKey: Guid(a0be7868c826f7c41a484e5cfa0f52f9) Importer(2089858483,192608db42251d675da83286b1cce702)
Start importing Assets/Script/Animal.cs using Guid(a0be7868c826f7c41a484e5cfa0f52f9) Importer(2089858483,192608db42251d675da83286b1cce702) (ScriptedImporter) -> (artifact id: 'bd77d22970a6f1710ccca64ad6ebb643') in 0.0274662 seconds
Number of updated asset objects reloaded before import = 0Number of asset objects unloaded after import = 0

========================================================================
Received Import Request.
  Time since last request: 0.000206 seconds.
  path: Assets/shared image.png
  artifactKey: Guid(9dbd8551a9dbde148b935cf2c5cbaf81) Importer(2089858483,192608db42251d675da83286b1cce702)
Start importing Assets/shared image.png using Guid(9dbd8551a9dbde148b935cf2c5cbaf81) Importer(2089858483,192608db42251d675da83286b1cce702) (ScriptedImporter) -> (artifact id: 'fa65b3098edf739445b66363264ebdb7') in 0.0397269 seconds
Number of updated asset objects reloaded before import = 0Number of asset objects unloaded after import = 3

========================================================================
Received Import Request.
  Time since last request: 0.000015 seconds.
  path: Assets/Script/GameStateManager.cs
  artifactKey: Guid(a3dd3d80972f02c4caecefc53e4da614) Importer(2089858483,192608db42251d675da83286b1cce702)
Start importing Assets/Script/GameStateManager.cs using Guid(a3dd3d80972f02c4caecefc53e4da614) Importer(2089858483,192608db42251d675da83286b1cce702) (ScriptedImporter) -> (artifact id: '27ebfb6620277bfe3e9632eaaaa6de3c') in 0.0202936 seconds
Number of updated asset objects reloaded before import = 0Number of asset objects unloaded after import = 0

========================================================================
Received Import Request.
  Time since last request: 0.000262 seconds.
  path: Assets/Script/PythonImageReceiver.cs
  artifactKey: Guid(a2998852c70c9334792c8e80b3fc36d0) Importer(2089858483,192608db42251d675da83286b1cce702)
Start importing Assets/Script/PythonImageReceiver.cs using Guid(a2998852c70c9334792c8e80b3fc36d0) Importer(2089858483,192608db42251d675da83286b1cce702) (ScriptedImporter) -> (artifact id: 'cf4a4b46c1fb7037ad06bff792a48c31') in 0.0199875 seconds
Number of updated asset objects reloaded before import = 0Number of asset objects unloaded after import = 0

========================================================================
Received Import Request.
  Time since last request: 0.000291 seconds.
  path: Assets/Script/CameraController.cs
  artifactKey: Guid(183f6004c024dc549bbd9d1333bcdc08) Importer(2089858483,192608db42251d675da83286b1cce702)
Start importing Assets/Script/CameraController.cs using Guid(183f6004c024dc549bbd9d1333bcdc08) Importer(2089858483,192608db42251d675da83286b1cce702) (ScriptedImporter) -> (artifact id: 'ac89f24e4ec13cc5c2942618833883a3') in 0.0245459 seconds
Number of updated asset objects reloaded before import = 0Number of asset objects unloaded after import = 0

========================================================================
Received Import Request.
  Time since last request: 0.000294 seconds.
  path: Assets/Script/GameOverDisplay.cs
  artifactKey: Guid(c417d3aece6b7e74e8bb59fc0d502c40) Importer(2089858483,192608db42251d675da83286b1cce702)
Start importing Assets/Script/GameOverDisplay.cs using Guid(c417d3aece6b7e74e8bb59fc0d502c40) Importer(2089858483,192608db42251d675da83286b1cce702) (ScriptedImporter) -> (artifact id: '40775b6d0ab4ce72393362d881545a12') in 0.0233013 seconds
Number of updated asset objects reloaded before import = 0Number of asset objects unloaded after import = 0

Editor requested this worker to shutdown with reason: Scaling down because of idle timeout
AssetImportWorker is now disconnected from the server
Process exiting
Exiting without the bug reporter. Application will terminate with return code 0