
=== Sun Nov  9 12:37:20 2025

Packages were changed.
Update Mode: updateDependencies

The following packages were added:
  com.unity.2d.sprite@1.0.0
  com.unity.2d.tilemap@1.0.0
  com.unity.ide.rider@3.0.37
  com.unity.ide.visualstudio@2.0.23
  com.unity.modules.androidjni@1.0.0
  com.unity.test-framework@1.6.0
  com.unity.ugui@2.0.0
  com.unity.ai.navigation@2.0.9
  com.unity.modules.accessibility@1.0.0
  com.unity.multiplayer.center@1.0.0
The following packages were updated:
  com.unity.ads from version 2.0.8 to 4.4.2
  com.unity.analytics from version 3.2.2 to 3.8.1
  com.unity.purchasing from version 2.0.1 to 4.12.2
  com.unity.timeline from version 1.6.3 to 1.8.9
The following packages were removed:
  com.unity.textmeshpro@1.3.0
